<?xml version="1.0" encoding="UTF-8"?>
<!-- Generated by org.testng.reporters.JUnitXMLReporter -->
<testsuite ignored="0" hostname="Alnobl" failures="0" tests="3" name="Default test" time="13.779" errors="0" timestamp="2024-03-24T01:28:53 AST">
  <testcase classname="multi_flights_test.testTowMultiFlights" name="testTow" time="0.419"/>
  <testcase classname="multi_flights_test.testTowMultiFlights" name="randomCitiesTest" time="3.501"/>
  <testcase classname="multi_flights_test.testTowMultiFlights" name="randomNumberOfFlight" time="6.636"/>
</testsuite> <!-- Default test -->
