<?xml version="1.0" encoding="UTF-8"?>
<!-- Generated by org.testng.reporters.JUnitXMLReporter -->
<testsuite ignored="0" hostname="Alnobl" failures="0" tests="3" name="Default test" time="4.92" errors="0" timestamp="2024-03-20T02:45:12 AST">
  <testcase classname="hotelSearchTest.bookingHotelTest" name="myTest" time="0.577"/>
  <testcase classname="hotelSearchTest.bookingHotelTest" name="myTest" time="1.023"/>
  <testcase classname="hotelSearchTest.bookingHotelTest" name="myTest" time="0.719"/>
</testsuite> <!-- Default test -->
