<?xml version="1.0" encoding="UTF-8"?>
<testng-results ignored="0" total="6" passed="6" failed="0" skipped="0">
  <reporter-output>
  </reporter-output>
  <suite started-at="2024-03-19T00:07:22 AST" name="Default suite" finished-at="2024-03-19T00:07:28 AST" duration-ms="5323">
    <groups>
    </groups>
    <test started-at="2024-03-19T00:07:22 AST" name="Default test" finished-at="2024-03-19T00:07:28 AST" duration-ms="5323">
      <class name="HomePage.HomePageTestCases">
        <test-method is-config="true" signature="mySetup()[pri:0, instance:HomePage.HomePageTestCases@65045a87]" started-at="2024-03-19T00:07:22 AST" name="mySetup" finished-at="2024-03-19T00:07:27 AST" duration-ms="5027" status="PASS">
          <reporter-output>
          </reporter-output>
        </test-method> <!-- mySetup -->
        <test-method signature="checkDefultLangugege()[pri:1, instance:HomePage.HomePageTestCases@65045a87]" started-at="2024-03-19T00:07:27 AST" name="checkDefultLangugege" description="test defult langeuge" finished-at="2024-03-19T00:07:27 AST" duration-ms="52" status="PASS">
          <reporter-output>
          </reporter-output>
        </test-method> <!-- checkDefultLangugege -->
        <test-method signature="checkDefultLangugege()[pri:1, instance:HomePage.HomePageTestCases@65045a87]" started-at="2024-03-19T00:07:27 AST" name="checkDefultLangugege" description="test defult langeuge" finished-at="2024-03-19T00:07:28 AST" duration-ms="38" status="PASS">
          <reporter-output>
          </reporter-output>
        </test-method> <!-- checkDefultLangugege -->
        <test-method signature="checkDefultLangugege()[pri:1, instance:HomePage.HomePageTestCases@65045a87]" started-at="2024-03-19T00:07:28 AST" name="checkDefultLangugege" description="test defult langeuge" finished-at="2024-03-19T00:07:28 AST" duration-ms="27" status="PASS">
          <reporter-output>
          </reporter-output>
        </test-method> <!-- checkDefultLangugege -->
        <test-method signature="checkCurrencyDefult()[pri:2, instance:HomePage.HomePageTestCases@65045a87]" started-at="2024-03-19T00:07:28 AST" name="checkCurrencyDefult" description="test defult currency" finished-at="2024-03-19T00:07:28 AST" duration-ms="36" status="PASS">
          <reporter-output>
          </reporter-output>
        </test-method> <!-- checkCurrencyDefult -->
        <test-method signature="checkContactNumDefult()[pri:3, instance:HomePage.HomePageTestCases@65045a87]" started-at="2024-03-19T00:07:28 AST" name="checkContactNumDefult" description="test contact number" finished-at="2024-03-19T00:07:28 AST" duration-ms="33" status="PASS">
          <reporter-output>
          </reporter-output>
        </test-method> <!-- checkContactNumDefult -->
        <test-method signature="checkisDisplayedQitafLogo()[pri:4, instance:HomePage.HomePageTestCases@65045a87]" started-at="2024-03-19T00:07:28 AST" name="checkisDisplayedQitafLogo" description="test qitaf logo " finished-at="2024-03-19T00:07:28 AST" duration-ms="48" status="PASS">
          <reporter-output>
          </reporter-output>
        </test-method> <!-- checkisDisplayedQitafLogo -->
      </class> <!-- HomePage.HomePageTestCases -->
    </test> <!-- Default test -->
  </suite> <!-- Default suite -->
</testng-results>
